#
# There is insufficient memory for the Java Runtime Environment to continue.
# Native memory allocation (malloc) failed to allocate 2196144 bytes for Chunk::new
# Possible reasons:
#   The system is out of physical RAM or swap space
#   The process is running with CompressedOops enabled, and the Java Heap may be blocking the growth of the native heap
# Possible solutions:
#   Reduce memory load on the system
#   Increase physical memory or swap space
#   Check if swap backing store is full
#   Decrease Java heap size (-Xmx/-Xms)
#   Decrease number of Java threads
#   Decrease Java thread stack sizes (-Xss)
#   Set larger code cache with -XX:ReservedCodeCacheSize=
#   JVM is running with Unscaled Compressed Oops mode in which the Java heap is
#     placed in the first 4GB address space. The Java Heap base address is the
#     maximum limit for the native heap growth. Please use -XX:HeapBaseMinAddress
#     to set the Java Heap base and to place the Java Heap above 4GB virtual address.
# This output file may be truncated or incomplete.
#
#  Out of Memory Error (arena.cpp:191), pid=14384, tid=12724
#
# JRE version: OpenJDK Runtime Environment Temurin-17.0.10+7 (17.0.10+7) (build 17.0.10+7)
# Java VM: OpenJDK 64-Bit Server VM Temurin-17.0.10+7 (17.0.10+7, mixed mode, tiered, compressed oops, compressed class ptrs, parallel gc, windows-amd64)
# No core dump will be written. Minidumps are not enabled by default on client versions of Windows
#

---------------  S U M M A R Y ------------

Command Line: --add-modules=ALL-SYSTEM --add-opens=java.base/java.util=ALL-UNNAMED --add-opens=java.base/java.lang=ALL-UNNAMED --add-opens=java.base/sun.nio.fs=ALL-UNNAMED -Declipse.application=org.eclipse.jdt.ls.core.id1 -Dosgi.bundles.defaultStartLevel=4 -Declipse.product=org.eclipse.jdt.ls.core.product -Djava.import.generatesMetadataFilesAtProjectRoot=false -DDetectVMInstallationsJob.disabled=true -Dfile.encoding=utf8 -XX:+UseParallelGC -XX:GCTimeRatio=4 -XX:AdaptiveSizePolicyWeight=90 -Dsun.zip.disableMemoryMapping=true -Xmx1G -Xms100m -Xlog:disable -javaagent:c:\Users\LENOVO\.vscode\extensions\redhat.java-1.28.1-win32-x64\lombok\lombok-1.18.31.jar -XX:+HeapDumpOnOutOfMemoryError -XX:HeapDumpPath=c:\Users\LENOVO\AppData\Roaming\Code\User\workspaceStorage\b92d9df39273399ed5090b3bfb6670d1\redhat.java -Daether.dependencyCollector.impl=bf c:\Users\LENOVO\.vscode\extensions\redhat.java-1.28.1-win32-x64\server\plugins\org.eclipse.equinox.launcher_1.6.700.v20231214-2017.jar -configuration c:\Users\LENOVO\AppData\Roaming\Code\User\globalStorage\redhat.java\1.28.1\config_win -data c:\Users\LENOVO\AppData\Roaming\Code\User\workspaceStorage\b92d9df39273399ed5090b3bfb6670d1\redhat.java\jdt_ws --stdio

Host: Intel(R) Core(TM) i7-10750H CPU @ 2.60GHz, 12 cores, 15G,  Windows 10 , 64 bit Build 19041 (10.0.19041.3636)
Time: Fri Mar 15 02:43:57 2024 Egypt Standard Time elapsed time: 5.805917 seconds (0d 0h 0m 5s)

---------------  T H R E A D  ---------------

Current thread (0x0000022dffc62020):  JavaThread "C2 CompilerThread0" daemon [_thread_in_native, id=12724, stack(0x0000007cb1000000,0x0000007cb1100000)]


Current CompileTask:
C2:   5805 4457   !   4       org.eclipse.osgi.internal.loader.classpath.ClasspathManager::defineClass (636 bytes)

Stack: [0x0000007cb1000000,0x0000007cb1100000]
Native frames: (J=compiled Java code, j=interpreted, Vv=VM code, C=native code)
V  [jvm.dll+0x67d2c9]
V  [jvm.dll+0x834afa]
V  [jvm.dll+0x8365be]
V  [jvm.dll+0x836c23]
V  [jvm.dll+0x2477ff]
V  [jvm.dll+0xac514]
V  [jvm.dll+0xacb5c]
V  [jvm.dll+0x3667d7]
V  [jvm.dll+0x1bcf72]
V  [jvm.dll+0x21a049]
V  [jvm.dll+0x219311]
V  [jvm.dll+0x1a502d]
V  [jvm.dll+0x2290de]
V  [jvm.dll+0x2272ac]
V  [jvm.dll+0x7e9bb7]
V  [jvm.dll+0x7e3fba]
V  [jvm.dll+0x67c1b5]
C  [ucrtbase.dll+0x21bb2]
C  [KERNEL32.DLL+0x17344]
C  [ntdll.dll+0x526b1]


---------------  P R O C E S S  ---------------

Threads class SMR info:
_java_thread_list=0x0000022d92789b00, length=30, elements={
0x0000022df5b05910, 0x0000022dfa99b2d0, 0x0000022dfa99ca80, 0x0000022dffc311d0,
0x0000022dffc31f60, 0x0000022dffc32cf0, 0x0000022dffc34830, 0x0000022dffc62020,
0x0000022df5bb8a50, 0x0000022dffc7f8c0, 0x0000022dffcf0860, 0x0000022dffe395a0,
0x0000022d9023cd10, 0x0000022d909f7350, 0x0000022d90c98510, 0x0000022d90db78c0,
0x0000022d90db4e70, 0x0000022d91308eb0, 0x0000022d913777e0, 0x0000022d9150c9d0,
0x0000022d9150cee0, 0x0000022d9150d3f0, 0x0000022d9150e320, 0x0000022d92481ed0,
0x0000022d92ab71a0, 0x0000022d92ab5850, 0x0000022d92ab5d60, 0x0000022d92ab20a0,
0x0000022d92ab25b0, 0x0000022d92ab4920
}

Java Threads: ( => current thread )
  0x0000022df5b05910 JavaThread "main" [_thread_blocked, id=2764, stack(0x0000007cb0700000,0x0000007cb0800000)]
  0x0000022dfa99b2d0 JavaThread "Reference Handler" daemon [_thread_blocked, id=18248, stack(0x0000007cb0a00000,0x0000007cb0b00000)]
  0x0000022dfa99ca80 JavaThread "Finalizer" daemon [_thread_blocked, id=26592, stack(0x0000007cb0b00000,0x0000007cb0c00000)]
  0x0000022dffc311d0 JavaThread "Signal Dispatcher" daemon [_thread_blocked, id=24128, stack(0x0000007cb0c00000,0x0000007cb0d00000)]
  0x0000022dffc31f60 JavaThread "Attach Listener" daemon [_thread_blocked, id=27824, stack(0x0000007cb0d00000,0x0000007cb0e00000)]
  0x0000022dffc32cf0 JavaThread "Service Thread" daemon [_thread_blocked, id=1816, stack(0x0000007cb0e00000,0x0000007cb0f00000)]
  0x0000022dffc34830 JavaThread "Monitor Deflation Thread" daemon [_thread_blocked, id=23812, stack(0x0000007cb0f00000,0x0000007cb1000000)]
=>0x0000022dffc62020 JavaThread "C2 CompilerThread0" daemon [_thread_in_native, id=12724, stack(0x0000007cb1000000,0x0000007cb1100000)]
  0x0000022df5bb8a50 JavaThread "C1 CompilerThread0" daemon [_thread_blocked, id=29916, stack(0x0000007cb1100000,0x0000007cb1200000)]
  0x0000022dffc7f8c0 JavaThread "Sweeper thread" daemon [_thread_blocked, id=25564, stack(0x0000007cb1200000,0x0000007cb1300000)]
  0x0000022dffcf0860 JavaThread "Common-Cleaner" daemon [_thread_blocked, id=10124, stack(0x0000007cb1300000,0x0000007cb1400000)]
  0x0000022dffe395a0 JavaThread "C2 CompilerThread1" daemon [_thread_blocked, id=23668, stack(0x0000007cb1400000,0x0000007cb1500000)]
  0x0000022d9023cd10 JavaThread "Notification Thread" daemon [_thread_blocked, id=5200, stack(0x0000007cb1500000,0x0000007cb1600000)]
  0x0000022d909f7350 JavaThread "Active Thread: Equinox Container: afee197f-8b67-43b1-aeb4-cfb2dbccc321" [_thread_blocked, id=11876, stack(0x0000007cb1e00000,0x0000007cb1f00000)]
  0x0000022d90c98510 JavaThread "Framework Event Dispatcher: Equinox Container: afee197f-8b67-43b1-aeb4-cfb2dbccc321" daemon [_thread_blocked, id=14260, stack(0x0000007cb1f00000,0x0000007cb2000000)]
  0x0000022d90db78c0 JavaThread "Start Level: Equinox Container: afee197f-8b67-43b1-aeb4-cfb2dbccc321" daemon [_thread_blocked, id=26160, stack(0x0000007cb2000000,0x0000007cb2100000)]
  0x0000022d90db4e70 JavaThread "Bundle File Closer" daemon [_thread_blocked, id=6384, stack(0x0000007cb2200000,0x0000007cb2300000)]
  0x0000022d91308eb0 JavaThread "SCR Component Actor" daemon [_thread_blocked, id=13652, stack(0x0000007cb2300000,0x0000007cb2400000)]
  0x0000022d913777e0 JavaThread "SCR Component Registry" daemon [_thread_blocked, id=13188, stack(0x0000007cb2600000,0x0000007cb2700000)]
  0x0000022d9150c9d0 JavaThread "Worker-JM" [_thread_blocked, id=22556, stack(0x0000007cb1d00000,0x0000007cb1e00000)]
  0x0000022d9150cee0 JavaThread "Worker-0: Repository registry initialization" [_thread_in_native, id=5560, stack(0x0000007cb2700000,0x0000007cb2800000)]
  0x0000022d9150d3f0 JavaThread "Worker-1: Updating Maven Dependencies" [_thread_blocked, id=24436, stack(0x0000007cb2800000,0x0000007cb2900000)]
  0x0000022d9150e320 JavaThread "Java indexing" daemon [_thread_blocked, id=28128, stack(0x0000007cb2900000,0x0000007cb2a00000)]
  0x0000022d92481ed0 JavaThread "C2 CompilerThread2" daemon [_thread_in_native, id=19460, stack(0x0000007cb2a00000,0x0000007cb2b00000)]
  0x0000022d92ab71a0 JavaThread "JNA Cleaner" daemon [_thread_blocked, id=25932, stack(0x0000007cb2b00000,0x0000007cb2c00000)]
  0x0000022d92ab5850 JavaThread "pool-2-thread-1" [_thread_blocked, id=29552, stack(0x0000007cb2e00000,0x0000007cb2f00000)]
  0x0000022d92ab5d60 JavaThread "Worker-2" [_thread_blocked, id=12856, stack(0x0000007cb2f00000,0x0000007cb3000000)]
  0x0000022d92ab20a0 JavaThread "WorkspaceEventsHandler" [_thread_blocked, id=17800, stack(0x0000007cb3000000,0x0000007cb3100000)]
  0x0000022d92ab25b0 JavaThread "pool-1-thread-1" [_thread_blocked, id=27900, stack(0x0000007cb3100000,0x0000007cb3200000)]
  0x0000022d92ab4920 JavaThread "Worker-3" [_thread_blocked, id=4732, stack(0x0000007cb3200000,0x0000007cb3300000)]

Other Threads:
  0x0000022df391ea60 VMThread "VM Thread" [stack: 0x0000007cb0900000,0x0000007cb0a00000] [id=8968]
  0x0000022d9023d1f0 WatcherThread [stack: 0x0000007cb1600000,0x0000007cb1700000] [id=4944]
  0x0000022df5b1bd40 GCTaskThread "GC Thread#0" [stack: 0x0000007cb0800000,0x0000007cb0900000] [id=17848]
  0x0000022d908efa90 GCTaskThread "GC Thread#1" [stack: 0x0000007cb1700000,0x0000007cb1800000] [id=27056]
  0x0000022d90696480 GCTaskThread "GC Thread#2" [stack: 0x0000007cb1800000,0x0000007cb1900000] [id=28332]
  0x0000022d90672830 GCTaskThread "GC Thread#3" [stack: 0x0000007cb1900000,0x0000007cb1a00000] [id=20864]
  0x0000022d90672af0 GCTaskThread "GC Thread#4" [stack: 0x0000007cb1a00000,0x0000007cb1b00000] [id=19904]
  0x0000022d90672db0 GCTaskThread "GC Thread#5" [stack: 0x0000007cb1b00000,0x0000007cb1c00000] [id=9112]
  0x0000022d908ca3f0 GCTaskThread "GC Thread#6" [stack: 0x0000007cb1c00000,0x0000007cb1d00000] [id=25900]
  0x0000022d908cc600 GCTaskThread "GC Thread#7" [stack: 0x0000007cb2100000,0x0000007cb2200000] [id=21184]
  0x0000022d91541d50 GCTaskThread "GC Thread#8" [stack: 0x0000007cb2400000,0x0000007cb2500000] [id=31364]
  0x0000022d91542010 GCTaskThread "GC Thread#9" [stack: 0x0000007cb2500000,0x0000007cb2600000] [id=8472]

Threads with active compile tasks:
C2 CompilerThread0     5824 4457   !   4       org.eclipse.osgi.internal.loader.classpath.ClasspathManager::defineClass (636 bytes)
C2 CompilerThread2     5824 4604   !   4       org.eclipse.osgi.internal.loader.BundleLoader::findClass0 (470 bytes)

VM state: not at safepoint (normal execution)

VM Mutex/Monitor currently owned by a thread: None

Heap address: 0x00000000c0000000, size: 1024 MB, Compressed Oops mode: 32-bit

CDS archive(s) not mapped
Compressed class space mapped at: 0x0000000100000000-0x0000000140000000, reserved size: 1073741824
Narrow klass base: 0x0000000000000000, Narrow klass shift: 3, Narrow klass range: 0x140000000

GC Precious Log:
 CPUs: 12 total, 12 available
 Memory: 16251M
 Large Page Support: Disabled
 NUMA Support: Disabled
 Compressed Oops: Enabled (32-bit)
 Alignments: Space 512K, Generation 512K, Heap 2M
 Heap Min Capacity: 100M
 Heap Initial Capacity: 100M
 Heap Max Capacity: 1G
 Pre-touch: Disabled
 Parallel Workers: 10

Heap:
 PSYoungGen      total 23040K, used 6627K [0x00000000eab00000, 0x00000000ec600000, 0x0000000100000000)
  eden space 22016K, 25% used [0x00000000eab00000,0x00000000eb078f68,0x00000000ec080000)
  from space 1024K, 100% used [0x00000000ec500000,0x00000000ec600000,0x00000000ec600000)
  to   space 2048K, 0% used [0x00000000ec200000,0x00000000ec200000,0x00000000ec400000)
 ParOldGen       total 68608K, used 17499K [0x00000000c0000000, 0x00000000c4300000, 0x00000000eab00000)
  object space 68608K, 25% used [0x00000000c0000000,0x00000000c1116f78,0x00000000c4300000)
 Metaspace       used 45965K, committed 46848K, reserved 1114112K
  class space    used 4871K, committed 5248K, reserved 1048576K

Card table byte_map: [0x0000022df54a0000,0x0000022df56b0000] _byte_map_base: 0x0000022df4ea0000

Marking Bits: (ParMarkBitMap*) 0x00007ffdeb31d7d0
 Begin Bits: [0x0000022df87a0000, 0x0000022df97a0000)
 End Bits:   [0x0000022df97a0000, 0x0000022dfa7a0000)

Polling page: 0x0000022df3a60000

Metaspace:

Usage:
  Non-class:     40.13 MB used.
      Class:      4.76 MB used.
       Both:     44.89 MB used.

Virtual space:
  Non-class space:       64.00 MB reserved,      40.62 MB ( 63%) committed,  1 nodes.
      Class space:        1.00 GB reserved,       5.12 MB ( <1%) committed,  1 nodes.
             Both:        1.06 GB reserved,      45.75 MB (  4%) committed. 

Chunk freelists:
   Non-Class:  6.97 MB
       Class:  10.80 MB
        Both:  17.76 MB

MaxMetaspaceSize: unlimited
CompressedClassSpaceSize: 1.00 GB
Initial GC threshold: 21.00 MB
Current GC threshold: 58.38 MB
CDS: off
MetaspaceReclaimPolicy: balanced
 - commit_granule_bytes: 65536.
 - commit_granule_words: 8192.
 - virtual_space_node_default_size: 8388608.
 - enlarge_chunks_in_place: 1.
 - new_chunks_are_fully_committed: 0.
 - uncommit_free_chunks: 1.
 - use_allocation_guard: 0.
 - handle_deallocations: 1.


Internal statistics:

num_allocs_failed_limit: 6.
num_arena_births: 434.
num_arena_deaths: 14.
num_vsnodes_births: 2.
num_vsnodes_deaths: 0.
num_space_committed: 732.
num_space_uncommitted: 0.
num_chunks_returned_to_freelist: 20.
num_chunks_taken_from_freelist: 1971.
num_chunk_merges: 8.
num_chunk_splits: 1309.
num_chunks_enlarged: 895.
num_inconsistent_stats: 0.

CodeHeap 'non-profiled nmethods': size=120000Kb used=2122Kb max_used=2534Kb free=117877Kb
 bounds [0x0000022d87ad0000, 0x0000022d87d50000, 0x0000022d8f000000]
CodeHeap 'profiled nmethods': size=120000Kb used=7751Kb max_used=9872Kb free=112248Kb
 bounds [0x0000022d80000000, 0x0000022d809b0000, 0x0000022d87530000]
CodeHeap 'non-nmethods': size=5760Kb used=1276Kb max_used=1382Kb free=4483Kb
 bounds [0x0000022d87530000, 0x0000022d877a0000, 0x0000022d87ad0000]
 total_blobs=4584 nmethods=3983 adapters=515
 compilation: enabled
              stopped_count=0, restarted_count=0
 full_count=0

Compilation events (20 events):
Event: 5.793 Thread 0x0000022df5bb8a50 nmethod 4741 0x0000022d803fe190 code [0x0000022d803fe340, 0x0000022d803fe568]
Event: 5.794 Thread 0x0000022df5bb8a50 4742       3       com.google.common.collect.ImmutableList::copyOf (50 bytes)
Event: 5.795 Thread 0x0000022df5bb8a50 nmethod 4742 0x0000022d803b8010 code [0x0000022d803b8280, 0x0000022d803b8d38]
Event: 5.795 Thread 0x0000022df5bb8a50 4743       3       java.util.Arrays::fill (21 bytes)
Event: 5.795 Thread 0x0000022df5bb8a50 nmethod 4743 0x0000022d8033ee90 code [0x0000022d8033f040, 0x0000022d8033f318]
Event: 5.795 Thread 0x0000022df5bb8a50 4744       3       java.lang.reflect.Executable::getDeclaredAnnotations (8 bytes)
Event: 5.795 Thread 0x0000022df5bb8a50 nmethod 4744 0x0000022d808b0790 code [0x0000022d808b0960, 0x0000022d808b0d88]
Event: 5.795 Thread 0x0000022df5bb8a50 4745       3       java.lang.reflect.Executable::getAnnotatedParameterTypes (32 bytes)
Event: 5.795 Thread 0x0000022df5bb8a50 nmethod 4745 0x0000022d8031be10 code [0x0000022d8031c020, 0x0000022d8031c5b8]
Event: 5.802 Thread 0x0000022df5bb8a50 4746       3       java.lang.reflect.Proxy$ProxyBuilder::addElementTypes (33 bytes)
Event: 5.802 Thread 0x0000022df5bb8a50 nmethod 4746 0x0000022d800d4c10 code [0x0000022d800d4e00, 0x0000022d800d5388]
Event: 5.802 Thread 0x0000022df5bb8a50 4747       3       java.lang.WeakPairMap$Pair$Lookup::hashCode (12 bytes)
Event: 5.803 Thread 0x0000022df5bb8a50 nmethod 4747 0x0000022d8052c490 code [0x0000022d8052c640, 0x0000022d8052c818]
Event: 5.803 Thread 0x0000022df5bb8a50 4748   !   3       com.google.common.cache.LocalCache$Segment::get (210 bytes)
Event: 5.804 Thread 0x0000022df5bb8a50 nmethod 4748 0x0000022d8010c790 code [0x0000022d8010cb60, 0x0000022d8010e3e8]
Event: 5.804 Thread 0x0000022df5bb8a50 4749       3       com.google.common.cache.LocalCache$Segment::postReadCleanup (18 bytes)
Event: 5.804 Thread 0x0000022df5bb8a50 nmethod 4749 0x0000022d80779090 code [0x0000022d80779240, 0x0000022d80779418]
Event: 5.804 Thread 0x0000022df5bb8a50 4750       3       com.google.inject.spi.InjectionPoint::forInstanceMethodsAndFields (8 bytes)
Event: 5.804 Thread 0x0000022df5bb8a50 nmethod 4750 0x0000022d807a9410 code [0x0000022d807a95c0, 0x0000022d807a97b8]
Event: 5.805 Thread 0x0000022df5bb8a50 4751       3       com.google.inject.spi.InjectionPoint::<init> (67 bytes)

GC Heap History (20 events):
Event: 3.115 GC heap before
{Heap before GC invocations=7 (full 1):
 PSYoungGen      total 29696K, used 25600K [0x00000000eab00000, 0x00000000ece00000, 0x0000000100000000)
  eden space 25600K, 100% used [0x00000000eab00000,0x00000000ec400000,0x00000000ec400000)
  from space 4096K, 0% used [0x00000000ec400000,0x00000000ec400000,0x00000000ec800000)
  to   space 5120K, 0% used [0x00000000ec900000,0x00000000ec900000,0x00000000ece00000)
 ParOldGen       total 68608K, used 10679K [0x00000000c0000000, 0x00000000c4300000, 0x00000000eab00000)
  object space 68608K, 15% used [0x00000000c0000000,0x00000000c0a6dc38,0x00000000c4300000)
 Metaspace       used 24380K, committed 24960K, reserved 1114112K
  class space    used 2473K, committed 2752K, reserved 1048576K
}
Event: 3.116 GC heap after
{Heap after GC invocations=7 (full 1):
 PSYoungGen      total 26112K, used 880K [0x00000000eab00000, 0x00000000eca00000, 0x0000000100000000)
  eden space 25088K, 0% used [0x00000000eab00000,0x00000000eab00000,0x00000000ec380000)
  from space 1024K, 85% used [0x00000000ec900000,0x00000000ec9dc0a8,0x00000000eca00000)
  to   space 2560K, 0% used [0x00000000ec500000,0x00000000ec500000,0x00000000ec780000)
 ParOldGen       total 68608K, used 10687K [0x00000000c0000000, 0x00000000c4300000, 0x00000000eab00000)
  object space 68608K, 15% used [0x00000000c0000000,0x00000000c0a6fc38,0x00000000c4300000)
 Metaspace       used 24380K, committed 24960K, reserved 1114112K
  class space    used 2473K, committed 2752K, reserved 1048576K
}
Event: 3.323 GC heap before
{Heap before GC invocations=8 (full 1):
 PSYoungGen      total 26112K, used 25858K [0x00000000eab00000, 0x00000000eca00000, 0x0000000100000000)
  eden space 25088K, 99% used [0x00000000eab00000,0x00000000ec364b38,0x00000000ec380000)
  from space 1024K, 85% used [0x00000000ec900000,0x00000000ec9dc0a8,0x00000000eca00000)
  to   space 2560K, 0% used [0x00000000ec500000,0x00000000ec500000,0x00000000ec780000)
 ParOldGen       total 68608K, used 10687K [0x00000000c0000000, 0x00000000c4300000, 0x00000000eab00000)
  object space 68608K, 15% used [0x00000000c0000000,0x00000000c0a6fc38,0x00000000c4300000)
 Metaspace       used 27547K, committed 28224K, reserved 1114112K
  class space    used 2812K, committed 3072K, reserved 1048576K
}
Event: 3.324 GC heap after
{Heap after GC invocations=8 (full 1):
 PSYoungGen      total 27136K, used 2543K [0x00000000eab00000, 0x00000000ecb00000, 0x0000000100000000)
  eden space 24576K, 0% used [0x00000000eab00000,0x00000000eab00000,0x00000000ec300000)
  from space 2560K, 99% used [0x00000000ec500000,0x00000000ec77bf98,0x00000000ec780000)
  to   space 3584K, 0% used [0x00000000ec780000,0x00000000ec780000,0x00000000ecb00000)
 ParOldGen       total 68608K, used 11678K [0x00000000c0000000, 0x00000000c4300000, 0x00000000eab00000)
  object space 68608K, 17% used [0x00000000c0000000,0x00000000c0b67818,0x00000000c4300000)
 Metaspace       used 27547K, committed 28224K, reserved 1114112K
  class space    used 2812K, committed 3072K, reserved 1048576K
}
Event: 3.445 GC heap before
{Heap before GC invocations=9 (full 1):
 PSYoungGen      total 27136K, used 27119K [0x00000000eab00000, 0x00000000ecb00000, 0x0000000100000000)
  eden space 24576K, 100% used [0x00000000eab00000,0x00000000ec300000,0x00000000ec300000)
  from space 2560K, 99% used [0x00000000ec500000,0x00000000ec77bf98,0x00000000ec780000)
  to   space 3584K, 0% used [0x00000000ec780000,0x00000000ec780000,0x00000000ecb00000)
 ParOldGen       total 68608K, used 11678K [0x00000000c0000000, 0x00000000c4300000, 0x00000000eab00000)
  object space 68608K, 17% used [0x00000000c0000000,0x00000000c0b67818,0x00000000c4300000)
 Metaspace       used 30136K, committed 30848K, reserved 1114112K
  class space    used 2985K, committed 3264K, reserved 1048576K
}
Event: 3.446 GC heap after
{Heap after GC invocations=9 (full 1):
 PSYoungGen      total 27136K, used 2583K [0x00000000eab00000, 0x00000000eca80000, 0x0000000100000000)
  eden space 24064K, 0% used [0x00000000eab00000,0x00000000eab00000,0x00000000ec280000)
  from space 3072K, 84% used [0x00000000ec780000,0x00000000eca05e18,0x00000000eca80000)
  to   space 3072K, 0% used [0x00000000ec480000,0x00000000ec480000,0x00000000ec780000)
 ParOldGen       total 68608K, used 11686K [0x00000000c0000000, 0x00000000c4300000, 0x00000000eab00000)
  object space 68608K, 17% used [0x00000000c0000000,0x00000000c0b69818,0x00000000c4300000)
 Metaspace       used 30136K, committed 30848K, reserved 1114112K
  class space    used 2985K, committed 3264K, reserved 1048576K
}
Event: 3.584 GC heap before
{Heap before GC invocations=10 (full 1):
 PSYoungGen      total 27136K, used 26647K [0x00000000eab00000, 0x00000000eca80000, 0x0000000100000000)
  eden space 24064K, 100% used [0x00000000eab00000,0x00000000ec280000,0x00000000ec280000)
  from space 3072K, 84% used [0x00000000ec780000,0x00000000eca05e18,0x00000000eca80000)
  to   space 3072K, 0% used [0x00000000ec480000,0x00000000ec480000,0x00000000ec780000)
 ParOldGen       total 68608K, used 11686K [0x00000000c0000000, 0x00000000c4300000, 0x00000000eab00000)
  object space 68608K, 17% used [0x00000000c0000000,0x00000000c0b69818,0x00000000c4300000)
 Metaspace       used 32076K, committed 32704K, reserved 1114112K
  class space    used 3130K, committed 3392K, reserved 1048576K
}
Event: 3.587 GC heap after
{Heap after GC invocations=10 (full 1):
 PSYoungGen      total 26624K, used 2774K [0x00000000eab00000, 0x00000000ec800000, 0x0000000100000000)
  eden space 23552K, 0% used [0x00000000eab00000,0x00000000eab00000,0x00000000ec200000)
  from space 3072K, 90% used [0x00000000ec480000,0x00000000ec735ba0,0x00000000ec780000)
  to   space 512K, 0% used [0x00000000ec780000,0x00000000ec780000,0x00000000ec800000)
 ParOldGen       total 68608K, used 13038K [0x00000000c0000000, 0x00000000c4300000, 0x00000000eab00000)
  object space 68608K, 19% used [0x00000000c0000000,0x00000000c0cbba00,0x00000000c4300000)
 Metaspace       used 32076K, committed 32704K, reserved 1114112K
  class space    used 3130K, committed 3392K, reserved 1048576K
}
Event: 4.025 GC heap before
{Heap before GC invocations=11 (full 1):
 PSYoungGen      total 26624K, used 19203K [0x00000000eab00000, 0x00000000ec800000, 0x0000000100000000)
  eden space 23552K, 69% used [0x00000000eab00000,0x00000000ebb0b170,0x00000000ec200000)
  from space 3072K, 90% used [0x00000000ec480000,0x00000000ec735ba0,0x00000000ec780000)
  to   space 512K, 0% used [0x00000000ec780000,0x00000000ec780000,0x00000000ec800000)
 ParOldGen       total 68608K, used 13038K [0x00000000c0000000, 0x00000000c4300000, 0x00000000eab00000)
  object space 68608K, 19% used [0x00000000c0000000,0x00000000c0cbba00,0x00000000c4300000)
 Metaspace       used 35136K, committed 35840K, reserved 1114112K
  class space    used 3459K, committed 3776K, reserved 1048576K
}
Event: 4.027 GC heap after
{Heap after GC invocations=11 (full 1):
 PSYoungGen      total 24064K, used 494K [0x00000000eab00000, 0x00000000eca00000, 0x0000000100000000)
  eden space 23552K, 0% used [0x00000000eab00000,0x00000000eab00000,0x00000000ec200000)
  from space 512K, 96% used [0x00000000ec780000,0x00000000ec7fbbb8,0x00000000ec800000)
  to   space 4096K, 0% used [0x00000000ec200000,0x00000000ec200000,0x00000000ec600000)
 ParOldGen       total 68608K, used 16209K [0x00000000c0000000, 0x00000000c4300000, 0x00000000eab00000)
  object space 68608K, 23% used [0x00000000c0000000,0x00000000c0fd46b8,0x00000000c4300000)
 Metaspace       used 35136K, committed 35840K, reserved 1114112K
  class space    used 3459K, committed 3776K, reserved 1048576K
}
Event: 4.027 GC heap before
{Heap before GC invocations=12 (full 2):
 PSYoungGen      total 24064K, used 494K [0x00000000eab00000, 0x00000000eca00000, 0x0000000100000000)
  eden space 23552K, 0% used [0x00000000eab00000,0x00000000eab00000,0x00000000ec200000)
  from space 512K, 96% used [0x00000000ec780000,0x00000000ec7fbbb8,0x00000000ec800000)
  to   space 4096K, 0% used [0x00000000ec200000,0x00000000ec200000,0x00000000ec600000)
 ParOldGen       total 68608K, used 16209K [0x00000000c0000000, 0x00000000c4300000, 0x00000000eab00000)
  object space 68608K, 23% used [0x00000000c0000000,0x00000000c0fd46b8,0x00000000c4300000)
 Metaspace       used 35136K, committed 35840K, reserved 1114112K
  class space    used 3459K, committed 3776K, reserved 1048576K
}
Event: 4.050 GC heap after
{Heap after GC invocations=12 (full 2):
 PSYoungGen      total 24064K, used 0K [0x00000000eab00000, 0x00000000eca00000, 0x0000000100000000)
  eden space 23552K, 0% used [0x00000000eab00000,0x00000000eab00000,0x00000000ec200000)
  from space 512K, 0% used [0x00000000ec780000,0x00000000ec780000,0x00000000ec800000)
  to   space 4096K, 0% used [0x00000000ec200000,0x00000000ec200000,0x00000000ec600000)
 ParOldGen       total 68608K, used 14928K [0x00000000c0000000, 0x00000000c4300000, 0x00000000eab00000)
  object space 68608K, 21% used [0x00000000c0000000,0x00000000c0e942f0,0x00000000c4300000)
 Metaspace       used 35122K, committed 35840K, reserved 1114112K
  class space    used 3456K, committed 3776K, reserved 1048576K
}
Event: 4.339 GC heap before
{Heap before GC invocations=13 (full 2):
 PSYoungGen      total 24064K, used 23550K [0x00000000eab00000, 0x00000000eca00000, 0x0000000100000000)
  eden space 23552K, 99% used [0x00000000eab00000,0x00000000ec1ffa88,0x00000000ec200000)
  from space 512K, 0% used [0x00000000ec780000,0x00000000ec780000,0x00000000ec800000)
  to   space 4096K, 0% used [0x00000000ec200000,0x00000000ec200000,0x00000000ec600000)
 ParOldGen       total 68608K, used 14928K [0x00000000c0000000, 0x00000000c4300000, 0x00000000eab00000)
  object space 68608K, 21% used [0x00000000c0000000,0x00000000c0e942f0,0x00000000c4300000)
 Metaspace       used 38426K, committed 39296K, reserved 1114112K
  class space    used 3847K, committed 4224K, reserved 1048576K
}
Event: 4.340 GC heap after
{Heap after GC invocations=13 (full 2):
 PSYoungGen      total 24576K, used 1444K [0x00000000eab00000, 0x00000000ec800000, 0x0000000100000000)
  eden space 23040K, 0% used [0x00000000eab00000,0x00000000eab00000,0x00000000ec180000)
  from space 1536K, 94% used [0x00000000ec200000,0x00000000ec369310,0x00000000ec380000)
  to   space 2560K, 0% used [0x00000000ec580000,0x00000000ec580000,0x00000000ec800000)
 ParOldGen       total 68608K, used 14936K [0x00000000c0000000, 0x00000000c4300000, 0x00000000eab00000)
  object space 68608K, 21% used [0x00000000c0000000,0x00000000c0e962f0,0x00000000c4300000)
 Metaspace       used 38426K, committed 39296K, reserved 1114112K
  class space    used 3847K, committed 4224K, reserved 1048576K
}
Event: 4.909 GC heap before
{Heap before GC invocations=14 (full 2):
 PSYoungGen      total 24576K, used 24484K [0x00000000eab00000, 0x00000000ec800000, 0x0000000100000000)
  eden space 23040K, 100% used [0x00000000eab00000,0x00000000ec180000,0x00000000ec180000)
  from space 1536K, 94% used [0x00000000ec200000,0x00000000ec369310,0x00000000ec380000)
  to   space 2560K, 0% used [0x00000000ec580000,0x00000000ec580000,0x00000000ec800000)
 ParOldGen       total 68608K, used 14936K [0x00000000c0000000, 0x00000000c4300000, 0x00000000eab00000)
  object space 68608K, 21% used [0x00000000c0000000,0x00000000c0e962f0,0x00000000c4300000)
 Metaspace       used 41395K, committed 42240K, reserved 1114112K
  class space    used 4269K, committed 4608K, reserved 1048576K
}
Event: 4.914 GC heap after
{Heap after GC invocations=14 (full 2):
 PSYoungGen      total 23552K, used 992K [0x00000000eab00000, 0x00000000ec680000, 0x0000000100000000)
  eden space 22528K, 0% used [0x00000000eab00000,0x00000000eab00000,0x00000000ec100000)
  from space 1024K, 96% used [0x00000000ec580000,0x00000000ec678000,0x00000000ec680000)
  to   space 1536K, 0% used [0x00000000ec380000,0x00000000ec380000,0x00000000ec500000)
 ParOldGen       total 68608K, used 16204K [0x00000000c0000000, 0x00000000c4300000, 0x00000000eab00000)
  object space 68608K, 23% used [0x00000000c0000000,0x00000000c0fd31f8,0x00000000c4300000)
 Metaspace       used 41395K, committed 42240K, reserved 1114112K
  class space    used 4269K, committed 4608K, reserved 1048576K
}
Event: 5.411 GC heap before
{Heap before GC invocations=15 (full 2):
 PSYoungGen      total 23552K, used 23520K [0x00000000eab00000, 0x00000000ec680000, 0x0000000100000000)
  eden space 22528K, 100% used [0x00000000eab00000,0x00000000ec100000,0x00000000ec100000)
  from space 1024K, 96% used [0x00000000ec580000,0x00000000ec678000,0x00000000ec680000)
  to   space 1536K, 0% used [0x00000000ec380000,0x00000000ec380000,0x00000000ec500000)
 ParOldGen       total 68608K, used 16204K [0x00000000c0000000, 0x00000000c4300000, 0x00000000eab00000)
  object space 68608K, 23% used [0x00000000c0000000,0x00000000c0fd31f8,0x00000000c4300000)
 Metaspace       used 42783K, committed 43648K, reserved 1114112K
  class space    used 4456K, committed 4800K, reserved 1048576K
}
Event: 5.412 GC heap after
{Heap after GC invocations=15 (full 2):
 PSYoungGen      total 23552K, used 640K [0x00000000eab00000, 0x00000000ec600000, 0x0000000100000000)
  eden space 22016K, 0% used [0x00000000eab00000,0x00000000eab00000,0x00000000ec080000)
  from space 1536K, 41% used [0x00000000ec380000,0x00000000ec420000,0x00000000ec500000)
  to   space 1024K, 0% used [0x00000000ec500000,0x00000000ec500000,0x00000000ec600000)
 ParOldGen       total 68608K, used 17035K [0x00000000c0000000, 0x00000000c4300000, 0x00000000eab00000)
  object space 68608K, 24% used [0x00000000c0000000,0x00000000c10a2f78,0x00000000c4300000)
 Metaspace       used 42783K, committed 43648K, reserved 1114112K
  class space    used 4456K, committed 4800K, reserved 1048576K
}
Event: 5.758 GC heap before
{Heap before GC invocations=16 (full 2):
 PSYoungGen      total 23552K, used 22656K [0x00000000eab00000, 0x00000000ec600000, 0x0000000100000000)
  eden space 22016K, 100% used [0x00000000eab00000,0x00000000ec080000,0x00000000ec080000)
  from space 1536K, 41% used [0x00000000ec380000,0x00000000ec420000,0x00000000ec500000)
  to   space 1024K, 0% used [0x00000000ec500000,0x00000000ec500000,0x00000000ec600000)
 ParOldGen       total 68608K, used 17035K [0x00000000c0000000, 0x00000000c4300000, 0x00000000eab00000)
  object space 68608K, 24% used [0x00000000c0000000,0x00000000c10a2f78,0x00000000c4300000)
 Metaspace       used 45332K, committed 46144K, reserved 1114112K
  class space    used 4792K, committed 5120K, reserved 1048576K
}
Event: 5.759 GC heap after
{Heap after GC invocations=16 (full 2):
 PSYoungGen      total 23040K, used 1024K [0x00000000eab00000, 0x00000000ec600000, 0x0000000100000000)
  eden space 22016K, 0% used [0x00000000eab00000,0x00000000eab00000,0x00000000ec080000)
  from space 1024K, 100% used [0x00000000ec500000,0x00000000ec600000,0x00000000ec600000)
  to   space 2048K, 0% used [0x00000000ec200000,0x00000000ec200000,0x00000000ec400000)
 ParOldGen       total 68608K, used 17499K [0x00000000c0000000, 0x00000000c4300000, 0x00000000eab00000)
  object space 68608K, 25% used [0x00000000c0000000,0x00000000c1116f78,0x00000000c4300000)
 Metaspace       used 45332K, committed 46144K, reserved 1114112K
  class space    used 4792K, committed 5120K, reserved 1048576K
}

Dll operation events (10 events):
Event: 0.016 Loaded shared library c:\Users\LENOVO\.vscode\extensions\redhat.java-1.28.1-win32-x64\jre\17.0.10-win32-x86_64\bin\java.dll
Event: 0.165 Loaded shared library c:\Users\LENOVO\.vscode\extensions\redhat.java-1.28.1-win32-x64\jre\17.0.10-win32-x86_64\bin\zip.dll
Event: 0.168 Loaded shared library C:\Users\LENOVO\.vscode\extensions\redhat.java-1.28.1-win32-x64\jre\17.0.10-win32-x86_64\bin\instrument.dll
Event: 0.182 Loaded shared library C:\Users\LENOVO\.vscode\extensions\redhat.java-1.28.1-win32-x64\jre\17.0.10-win32-x86_64\bin\net.dll
Event: 0.185 Loaded shared library C:\Users\LENOVO\.vscode\extensions\redhat.java-1.28.1-win32-x64\jre\17.0.10-win32-x86_64\bin\nio.dll
Event: 0.192 Loaded shared library C:\Users\LENOVO\.vscode\extensions\redhat.java-1.28.1-win32-x64\jre\17.0.10-win32-x86_64\bin\zip.dll
Event: 0.206 Loaded shared library C:\Users\LENOVO\.vscode\extensions\redhat.java-1.28.1-win32-x64\jre\17.0.10-win32-x86_64\bin\jimage.dll
Event: 0.272 Loaded shared library c:\Users\LENOVO\.vscode\extensions\redhat.java-1.28.1-win32-x64\jre\17.0.10-win32-x86_64\bin\verify.dll
Event: 1.383 Loaded shared library C:\Users\LENOVO\AppData\Roaming\Code\User\globalStorage\redhat.java\1.28.1\config_win\org.eclipse.equinox.launcher\org.eclipse.equinox.launcher.win32.win32.x86_64_1.2.900.v20240129-1338\eclipse_11900.dll
Event: 4.005 Loaded shared library C:\Users\LENOVO\AppData\Local\Temp\jna--2053026509\jna2578129609096128316.dll

Deoptimization events (20 events):
Event: 5.461 Thread 0x0000022d9150cee0 Uncommon trap: trap_request=0xffffffde fr.pc=0x0000022d87d31f28 relative=0x00000000000004a8
Event: 5.461 Thread 0x0000022d9150cee0 Uncommon trap: reason=class_check action=maybe_recompile pc=0x0000022d87d31f28 method=java.lang.reflect.Executable.declaredAnnotations()Ljava/util/Map; @ 23 c2
Event: 5.461 Thread 0x0000022d9150cee0 DEOPT PACKING pc=0x0000022d87d31f28 sp=0x0000007cb27fdc40
Event: 5.461 Thread 0x0000022d9150cee0 DEOPT UNPACKING pc=0x0000022d875866a3 sp=0x0000007cb27fdc10 mode 2
Event: 5.724 Thread 0x0000022d9150cee0 Uncommon trap: trap_request=0xffffffd6 fr.pc=0x0000022d87bc28e0 relative=0x00000000000000c0
Event: 5.724 Thread 0x0000022d9150cee0 Uncommon trap: reason=array_check action=maybe_recompile pc=0x0000022d87bc28e0 method=java.util.stream.Nodes$FixedNodeBuilder.accept(Ljava/lang/Object;)V @ 28 c2
Event: 5.724 Thread 0x0000022d9150cee0 DEOPT PACKING pc=0x0000022d87bc28e0 sp=0x0000007cb27fdef0
Event: 5.724 Thread 0x0000022d9150cee0 DEOPT UNPACKING pc=0x0000022d875866a3 sp=0x0000007cb27fde80 mode 2
Event: 5.724 Thread 0x0000022d9150cee0 Uncommon trap: trap_request=0xffffffd6 fr.pc=0x0000022d87bc28e0 relative=0x00000000000000c0
Event: 5.724 Thread 0x0000022d9150cee0 Uncommon trap: reason=array_check action=maybe_recompile pc=0x0000022d87bc28e0 method=java.util.stream.Nodes$FixedNodeBuilder.accept(Ljava/lang/Object;)V @ 28 c2
Event: 5.724 Thread 0x0000022d9150cee0 DEOPT PACKING pc=0x0000022d87bc28e0 sp=0x0000007cb27fdef0
Event: 5.724 Thread 0x0000022d9150cee0 DEOPT UNPACKING pc=0x0000022d875866a3 sp=0x0000007cb27fde80 mode 2
Event: 5.724 Thread 0x0000022d9150cee0 Uncommon trap: trap_request=0xffffffd6 fr.pc=0x0000022d87bc28e0 relative=0x00000000000000c0
Event: 5.724 Thread 0x0000022d9150cee0 Uncommon trap: reason=array_check action=maybe_recompile pc=0x0000022d87bc28e0 method=java.util.stream.Nodes$FixedNodeBuilder.accept(Ljava/lang/Object;)V @ 28 c2
Event: 5.724 Thread 0x0000022d9150cee0 DEOPT PACKING pc=0x0000022d87bc28e0 sp=0x0000007cb27fdef0
Event: 5.724 Thread 0x0000022d9150cee0 DEOPT UNPACKING pc=0x0000022d875866a3 sp=0x0000007cb27fde80 mode 2
Event: 5.724 Thread 0x0000022d9150cee0 Uncommon trap: trap_request=0xffffffd6 fr.pc=0x0000022d87bc28e0 relative=0x00000000000000c0
Event: 5.724 Thread 0x0000022d9150cee0 Uncommon trap: reason=array_check action=maybe_recompile pc=0x0000022d87bc28e0 method=java.util.stream.Nodes$FixedNodeBuilder.accept(Ljava/lang/Object;)V @ 28 c2
Event: 5.724 Thread 0x0000022d9150cee0 DEOPT PACKING pc=0x0000022d87bc28e0 sp=0x0000007cb27fdef0
Event: 5.724 Thread 0x0000022d9150cee0 DEOPT UNPACKING pc=0x0000022d875866a3 sp=0x0000007cb27fde80 mode 2

Classes unloaded (7 events):
Event: 4.030 Thread 0x0000022df391ea60 Unloading class 0x0000000100254400 'java/lang/invoke/LambdaForm$MH+0x0000000100254400'
Event: 4.030 Thread 0x0000022df391ea60 Unloading class 0x0000000100254000 'java/lang/invoke/LambdaForm$MH+0x0000000100254000'
Event: 4.030 Thread 0x0000022df391ea60 Unloading class 0x0000000100253c00 'java/lang/invoke/LambdaForm$MH+0x0000000100253c00'
Event: 4.030 Thread 0x0000022df391ea60 Unloading class 0x0000000100253800 'java/lang/invoke/LambdaForm$MH+0x0000000100253800'
Event: 4.030 Thread 0x0000022df391ea60 Unloading class 0x0000000100253400 'java/lang/invoke/LambdaForm$BMH+0x0000000100253400'
Event: 4.030 Thread 0x0000022df391ea60 Unloading class 0x0000000100253000 'java/lang/invoke/LambdaForm$DMH+0x0000000100253000'
Event: 4.030 Thread 0x0000022df391ea60 Unloading class 0x0000000100250400 'java/lang/invoke/LambdaForm$DMH+0x0000000100250400'

Classes redefined (0 events):
No events

Internal exceptions (20 events):
Event: 3.623 Thread 0x0000022d90db78c0 Exception <a 'java/lang/ClassNotFoundException'{0x00000000eacced38}: com/sun/org/apache/xerces/internal/impl/msg/spi/XMLSerializerMessagesProvider> (0x00000000eacced38) 
thrown [s\src\hotspot\share\classfile\systemDictionary.cpp, line 256]
Event: 3.624 Thread 0x0000022d90db78c0 Exception <a 'java/lang/ClassNotFoundException'{0x00000000eacdc1d8}: com/sun/org/apache/xerces/internal/impl/msg/spi/XMLMessagesProvider> (0x00000000eacdc1d8) 
thrown [s\src\hotspot\share\classfile\systemDictionary.cpp, line 256]
Event: 3.690 Thread 0x0000022d90db78c0 Exception <a 'java/lang/NoSuchMethodError'{0x00000000eafec7e8}: 'java.lang.Object java.lang.invoke.DirectMethodHandle$Holder.invokeStaticInit(java.lang.Object, int, int, int, int)'> (0x00000000eafec7e8) 
thrown [s\src\hotspot\share\interpreter\linkResolver.cpp, line 759]
Event: 3.834 Thread 0x0000022d90db78c0 Exception <a 'java/lang/NoSuchMethodError'{0x00000000eb0eaeb0}: 'java.lang.Object java.lang.invoke.DirectMethodHandle$Holder.invokeStaticInit(java.lang.Object, java.lang.Object, int, int, int, int)'> (0x00000000eb0eaeb0) 
thrown [s\src\hotspot\share\interpreter\linkResolver.cpp, line 759]
Event: 3.902 Thread 0x0000022d90db78c0 Exception <a 'java/lang/ClassNotFoundException'{0x00000000eb4bfce8}: com/sun/org/apache/xml/internal/serializer/spi/XMLEntitiesProvider> (0x00000000eb4bfce8) 
thrown [s\src\hotspot\share\classfile\systemDictionary.cpp, line 256]
Event: 3.979 Thread 0x0000022d90db78c0 Exception <a 'java/io/FileNotFoundException'{0x00000000eb8645b8}> (0x00000000eb8645b8) 
thrown [s\src\hotspot\share\prims\jni.cpp, line 516]
Event: 4.057 Thread 0x0000022d90db78c0 Exception <a 'java/lang/UnsatisfiedLinkError'{0x00000000eab73e38}: The specified procedure could not be found.
> (0x00000000eab73e38) 
thrown [s\src\hotspot\share\prims\jni.cpp, line 535]
Event: 4.062 Thread 0x0000022d90db78c0 Exception <a 'java/io/FileNotFoundException'{0x00000000eab9b1c8}> (0x00000000eab9b1c8) 
thrown [s\src\hotspot\share\prims\jni.cpp, line 516]
Event: 4.070 Thread 0x0000022d90db78c0 Exception <a 'java/io/FileNotFoundException'{0x00000000eac234a8}> (0x00000000eac234a8) 
thrown [s\src\hotspot\share\prims\jni.cpp, line 516]
Event: 4.077 Thread 0x0000022d90db78c0 Exception <a 'java/lang/UnsatisfiedLinkError'{0x00000000eacb73f0}: The specified procedure could not be found.
> (0x00000000eacb73f0) 
thrown [s\src\hotspot\share\prims\jni.cpp, line 535]
Event: 4.119 Thread 0x0000022df5b05910 Exception <a 'sun/nio/fs/WindowsException'{0x00000000eaef0d38}> (0x00000000eaef0d38) 
thrown [s\src\hotspot\share\prims\jni.cpp, line 516]
Event: 4.168 Thread 0x0000022df5b05910 Exception <a 'java/lang/NoSuchMethodError'{0x00000000eb392d50}: 'java.lang.Object java.lang.invoke.DirectMethodHandle$Holder.invokeStatic(java.lang.Object, java.lang.Object, long, java.lang.Object)'> (0x00000000eb392d50) 
thrown [s\src\hotspot\share\interpreter\linkResolver.cpp, line 759]
Event: 4.169 Thread 0x0000022df5b05910 Exception <a 'java/lang/NoSuchMethodError'{0x00000000eb396aa8}: 'java.lang.Object java.lang.invoke.DirectMethodHandle$Holder.invokeStaticInit(java.lang.Object, java.lang.Object, long, java.lang.Object)'> (0x00000000eb396aa8) 
thrown [s\src\hotspot\share\interpreter\linkResolver.cpp, line 759]
Event: 4.169 Thread 0x0000022df5b05910 Exception <a 'java/lang/NoSuchMethodError'{0x00000000eb39d310}: 'java.lang.Object java.lang.invoke.DirectMethodHandle$Holder.newInvokeSpecial(java.lang.Object, java.lang.Object, long)'> (0x00000000eb39d310) 
thrown [s\src\hotspot\share\interpreter\linkResolver.cpp, line 759]
Event: 4.207 Thread 0x0000022df5b05910 Exception <a 'java/lang/NoSuchMethodError'{0x00000000eb56b8a0}: 'void java.lang.invoke.DirectMethodHandle$Holder.invokeStatic(java.lang.Object, java.lang.Object, java.lang.Object, java.lang.Object)'> (0x00000000eb56b8a0) 
thrown [s\src\hotspot\share\interpreter\linkResolver.cpp, line 759]
Event: 4.336 Thread 0x0000022d9150cee0 Exception <a 'java/lang/NoSuchMethodError'{0x00000000ec185548}: 'java.lang.Object java.lang.invoke.DirectMethodHandle$Holder.invokeSpecialIFC(java.lang.Object, java.lang.Object, java.lang.Object, java.lang.Object)'> (0x00000000ec185548) 
thrown [s\src\hotspot\share\interpreter\linkResolver.cpp, line 759]
Event: 4.351 Thread 0x0000022df5b05910 Exception <a 'java/lang/NoSuchMethodError'{0x00000000eabd1b08}: 'void java.lang.invoke.DirectMethodHandle$Holder.invokeSpecial(java.lang.Object, java.lang.Object, java.lang.Object, java.lang.Object, java.lang.Object, java.lang.Object)'> (0x00000000eabd1b08) 
thrown [s\src\hotspot\share\interpreter\linkResolver.cpp, line 759]
Event: 4.352 Thread 0x0000022df5b05910 Exception <a 'java/lang/IncompatibleClassChangeError'{0x00000000eabdb3b8}: Found class java.lang.Object, but interface was expected> (0x00000000eabdb3b8) 
thrown [s\src\hotspot\share\interpreter\linkResolver.cpp, line 826]
Event: 4.747 Thread 0x0000022d9150cee0 Exception <a 'java/lang/NoSuchMethodError'{0x00000000ebb12498}: 'int java.lang.invoke.DirectMethodHandle$Holder.invokeSpecialIFC(java.lang.Object, java.lang.Object, java.lang.Object, java.lang.Object, java.lang.Object)'> (0x00000000ebb12498) 
thrown [s\src\hotspot\share\interpreter\linkResolver.cpp, line 759]
Event: 4.917 Thread 0x0000022d9150cee0 Exception <a 'java/lang/NoClassDefFoundError'{0x00000000eab181c0}: javax/enterprise/inject/Typed> (0x00000000eab181c0) 
thrown [s\src\hotspot\share\classfile\systemDictionary.cpp, line 245]

VM Operations (20 events):
Event: 4.373 Executing VM operation: HandshakeAllThreads
Event: 4.374 Executing VM operation: HandshakeAllThreads done
Event: 4.888 Executing VM operation: HandshakeAllThreads
Event: 4.888 Executing VM operation: HandshakeAllThreads done
Event: 4.908 Executing VM operation: ParallelGCFailedAllocation
Event: 4.914 Executing VM operation: ParallelGCFailedAllocation done
Event: 5.411 Executing VM operation: ParallelGCFailedAllocation
Event: 5.412 Executing VM operation: ParallelGCFailedAllocation done
Event: 5.490 Executing VM operation: HandshakeAllThreads
Event: 5.490 Executing VM operation: HandshakeAllThreads done
Event: 5.490 Executing VM operation: HandshakeAllThreads
Event: 5.490 Executing VM operation: HandshakeAllThreads done
Event: 5.522 Executing VM operation: HandshakeAllThreads
Event: 5.522 Executing VM operation: HandshakeAllThreads done
Event: 5.536 Executing VM operation: HandshakeAllThreads
Event: 5.536 Executing VM operation: HandshakeAllThreads done
Event: 5.714 Executing VM operation: HandshakeAllThreads
Event: 5.714 Executing VM operation: HandshakeAllThreads done
Event: 5.758 Executing VM operation: ParallelGCFailedAllocation
Event: 5.759 Executing VM operation: ParallelGCFailedAllocation done

Events (20 events):
Event: 5.542 Thread 0x0000022dffc7f8c0 flushing nmethod 0x0000022d80946090
Event: 5.542 Thread 0x0000022dffc7f8c0 flushing nmethod 0x0000022d8095be90
Event: 5.542 Thread 0x0000022dffc7f8c0 flushing nmethod 0x0000022d80963210
Event: 5.542 Thread 0x0000022dffc7f8c0 flushing nmethod 0x0000022d80971e90
Event: 5.546 loading class sun/reflect/generics/scope/ConstructorScope
Event: 5.546 loading class sun/reflect/generics/scope/ConstructorScope done
Event: 5.546 loading class sun/reflect/generics/tree/VoidDescriptor
Event: 5.546 loading class sun/reflect/generics/tree/VoidDescriptor done
Event: 5.698 loading class java/util/concurrent/CompletionService
Event: 5.698 loading class java/util/concurrent/CompletionService done
Event: 5.717 loading class java/nio/channels/SocketChannel
Event: 5.717 loading class java/nio/channels/NetworkChannel
Event: 5.717 loading class java/nio/channels/NetworkChannel done
Event: 5.717 loading class java/nio/channels/spi/AbstractSelectableChannel
Event: 5.717 loading class java/nio/channels/spi/AbstractSelectableChannel done
Event: 5.717 loading class java/nio/channels/SocketChannel done
Event: 5.718 loading class java/nio/channels/ServerSocketChannel
Event: 5.718 loading class java/nio/channels/ServerSocketChannel done
Event: 5.756 loading class java/io/UncheckedIOException
Event: 5.756 loading class java/io/UncheckedIOException done


Dynamic libraries:
0x00007ff7ceeb0000 - 0x00007ff7ceebe000 	c:\Users\LENOVO\.vscode\extensions\redhat.java-1.28.1-win32-x64\jre\17.0.10-win32-x86_64\bin\java.exe
0x00007ffea37f0000 - 0x00007ffea39e8000 	C:\Windows\SYSTEM32\ntdll.dll
0x00007ffea2180000 - 0x00007ffea223d000 	C:\Windows\System32\KERNEL32.DLL
0x00007ffea10c0000 - 0x00007ffea13b6000 	C:\Windows\System32\KERNELBASE.dll
0x00007ffea14a0000 - 0x00007ffea15a0000 	C:\Windows\System32\ucrtbase.dll
0x00007ffe9b780000 - 0x00007ffe9b797000 	c:\Users\LENOVO\.vscode\extensions\redhat.java-1.28.1-win32-x64\jre\17.0.10-win32-x86_64\bin\jli.dll
0x00007ffea1aa0000 - 0x00007ffea1c3e000 	C:\Windows\System32\USER32.dll
0x00007ffea1640000 - 0x00007ffea1662000 	C:\Windows\System32\win32u.dll
0x00007ffea1830000 - 0x00007ffea185b000 	C:\Windows\System32\GDI32.dll
0x00007ffe9a780000 - 0x00007ffe9a79b000 	c:\Users\LENOVO\.vscode\extensions\redhat.java-1.28.1-win32-x64\jre\17.0.10-win32-x86_64\bin\VCRUNTIME140.dll
0x00007ffea1710000 - 0x00007ffea1827000 	C:\Windows\System32\gdi32full.dll
0x00007ffe8dcb0000 - 0x00007ffe8df4a000 	C:\Windows\WinSxS\amd64_microsoft.windows.common-controls_6595b64144ccf1df_6.0.19041.3636_none_60b6a03d71f818d5\COMCTL32.dll
0x00007ffea15a0000 - 0x00007ffea163d000 	C:\Windows\System32\msvcp_win.dll
0x00007ffea19f0000 - 0x00007ffea1a8e000 	C:\Windows\System32\msvcrt.dll
0x00007ffea3090000 - 0x00007ffea30c2000 	C:\Windows\System32\IMM32.DLL
0x00007ffe9b830000 - 0x00007ffe9b83c000 	c:\Users\LENOVO\.vscode\extensions\redhat.java-1.28.1-win32-x64\jre\17.0.10-win32-x86_64\bin\vcruntime140_1.dll
0x00007ffe59fb0000 - 0x00007ffe5a03d000 	c:\Users\LENOVO\.vscode\extensions\redhat.java-1.28.1-win32-x64\jre\17.0.10-win32-x86_64\bin\msvcp140.dll
0x00007ffdea780000 - 0x00007ffdeb3e2000 	c:\Users\LENOVO\.vscode\extensions\redhat.java-1.28.1-win32-x64\jre\17.0.10-win32-x86_64\bin\server\jvm.dll
0x00007ffea20c0000 - 0x00007ffea2173000 	C:\Windows\System32\ADVAPI32.dll
0x00007ffea3180000 - 0x00007ffea321f000 	C:\Windows\System32\sechost.dll
0x00007ffea23b0000 - 0x00007ffea24d6000 	C:\Windows\System32\RPCRT4.dll
0x00007ffea16e0000 - 0x00007ffea1707000 	C:\Windows\System32\bcrypt.dll
0x00007ffea08c0000 - 0x00007ffea090b000 	C:\Windows\SYSTEM32\POWRPROF.dll
0x00007ffe8bc40000 - 0x00007ffe8bc49000 	C:\Windows\SYSTEM32\WSOCK32.dll
0x00007ffea2240000 - 0x00007ffea22ab000 	C:\Windows\System32\WS2_32.dll
0x00007ffe8fca0000 - 0x00007ffe8fcc7000 	C:\Windows\SYSTEM32\WINMM.dll
0x00007ffe9b0b0000 - 0x00007ffe9b0ba000 	C:\Windows\SYSTEM32\VERSION.dll
0x00007ffea0870000 - 0x00007ffea0882000 	C:\Windows\SYSTEM32\UMPDC.dll
0x00007ffe9ef40000 - 0x00007ffe9ef52000 	C:\Windows\SYSTEM32\kernel.appcore.dll
0x00007ffe9a8e0000 - 0x00007ffe9a8ea000 	c:\Users\LENOVO\.vscode\extensions\redhat.java-1.28.1-win32-x64\jre\17.0.10-win32-x86_64\bin\jimage.dll
0x00007ffe9e690000 - 0x00007ffe9e874000 	C:\Windows\SYSTEM32\DBGHELP.DLL
0x00007ffe8f510000 - 0x00007ffe8f544000 	C:\Windows\SYSTEM32\dbgcore.DLL
0x00007ffea13c0000 - 0x00007ffea1442000 	C:\Windows\System32\bcryptPrimitives.dll
0x00007ffe9a750000 - 0x00007ffe9a75e000 	c:\Users\LENOVO\.vscode\extensions\redhat.java-1.28.1-win32-x64\jre\17.0.10-win32-x86_64\bin\instrument.dll
0x00007ffe7d800000 - 0x00007ffe7d825000 	c:\Users\LENOVO\.vscode\extensions\redhat.java-1.28.1-win32-x64\jre\17.0.10-win32-x86_64\bin\java.dll
0x00007ffe9a6d0000 - 0x00007ffe9a6e8000 	c:\Users\LENOVO\.vscode\extensions\redhat.java-1.28.1-win32-x64\jre\17.0.10-win32-x86_64\bin\zip.dll
0x00007ffea2940000 - 0x00007ffea3085000 	C:\Windows\System32\SHELL32.dll
0x00007ffe9ef60000 - 0x00007ffe9f6fc000 	C:\Windows\SYSTEM32\windows.storage.dll
0x00007ffea3220000 - 0x00007ffea3574000 	C:\Windows\System32\combase.dll
0x00007ffea0890000 - 0x00007ffea08be000 	C:\Windows\SYSTEM32\Wldp.dll
0x00007ffea24e0000 - 0x00007ffea25ad000 	C:\Windows\System32\OLEAUT32.dll
0x00007ffea30d0000 - 0x00007ffea317d000 	C:\Windows\System32\SHCORE.dll
0x00007ffea27c0000 - 0x00007ffea2815000 	C:\Windows\System32\shlwapi.dll
0x00007ffea0de0000 - 0x00007ffea0e05000 	C:\Windows\SYSTEM32\profapi.dll
0x00007ffe89eb0000 - 0x00007ffe89ec9000 	C:\Users\LENOVO\.vscode\extensions\redhat.java-1.28.1-win32-x64\jre\17.0.10-win32-x86_64\bin\net.dll
0x00007ffe99310000 - 0x00007ffe9941a000 	C:\Windows\SYSTEM32\WINHTTP.dll
0x00007ffea05d0000 - 0x00007ffea063a000 	C:\Windows\system32\mswsock.dll
0x00007ffe8d800000 - 0x00007ffe8d816000 	C:\Users\LENOVO\.vscode\extensions\redhat.java-1.28.1-win32-x64\jre\17.0.10-win32-x86_64\bin\nio.dll
0x00007ffe8ed50000 - 0x00007ffe8ed60000 	c:\Users\LENOVO\.vscode\extensions\redhat.java-1.28.1-win32-x64\jre\17.0.10-win32-x86_64\bin\verify.dll
0x00007ffe7cc30000 - 0x00007ffe7cc6e000 	C:\Users\LENOVO\AppData\Roaming\Code\User\globalStorage\redhat.java\1.28.1\config_win\org.eclipse.equinox.launcher\org.eclipse.equinox.launcher.win32.win32.x86_64_1.2.900.v20240129-1338\eclipse_11900.dll
0x00007ffea18c0000 - 0x00007ffea19eb000 	C:\Windows\System32\ole32.dll
0x00007ffea07c0000 - 0x00007ffea07d8000 	C:\Windows\SYSTEM32\CRYPTSP.dll
0x00007ffe9fea0000 - 0x00007ffe9fed4000 	C:\Windows\system32\rsaenh.dll
0x00007ffea0d60000 - 0x00007ffea0d8e000 	C:\Windows\SYSTEM32\USERENV.dll
0x00007ffea07e0000 - 0x00007ffea07ec000 	C:\Windows\SYSTEM32\CRYPTBASE.dll
0x00007ffea0260000 - 0x00007ffea029b000 	C:\Windows\SYSTEM32\IPHLPAPI.DLL
0x00007ffea1a90000 - 0x00007ffea1a98000 	C:\Windows\System32\NSI.dll
0x00007ffe9aaf0000 - 0x00007ffe9ab07000 	C:\Windows\SYSTEM32\dhcpcsvc6.DLL
0x00007ffe9aa70000 - 0x00007ffe9aa8d000 	C:\Windows\SYSTEM32\dhcpcsvc.DLL
0x00007ffea02a0000 - 0x00007ffea036b000 	C:\Windows\SYSTEM32\DNSAPI.dll
0x00007ffe75100000 - 0x00007ffe75145000 	C:\Users\LENOVO\AppData\Local\Temp\jna--2053026509\jna2578129609096128316.dll
0x00007ffea2310000 - 0x00007ffea2318000 	C:\Windows\System32\PSAPI.DLL

dbghelp: loaded successfully - version: 4.0.5 - missing functions: none
symbol engine: initialized successfully - sym options: 0x614 - pdb path: .;c:\Users\LENOVO\.vscode\extensions\redhat.java-1.28.1-win32-x64\jre\17.0.10-win32-x86_64\bin;C:\Windows\SYSTEM32;C:\Windows\WinSxS\amd64_microsoft.windows.common-controls_6595b64144ccf1df_6.0.19041.3636_none_60b6a03d71f818d5;c:\Users\LENOVO\.vscode\extensions\redhat.java-1.28.1-win32-x64\jre\17.0.10-win32-x86_64\bin\server;C:\Users\LENOVO\AppData\Roaming\Code\User\globalStorage\redhat.java\1.28.1\config_win\org.eclipse.equinox.launcher\org.eclipse.equinox.launcher.win32.win32.x86_64_1.2.900.v20240129-1338;C:\Users\LENOVO\AppData\Local\Temp\jna--2053026509

VM Arguments:
jvm_args: --add-modules=ALL-SYSTEM --add-opens=java.base/java.util=ALL-UNNAMED --add-opens=java.base/java.lang=ALL-UNNAMED --add-opens=java.base/sun.nio.fs=ALL-UNNAMED -Declipse.application=org.eclipse.jdt.ls.core.id1 -Dosgi.bundles.defaultStartLevel=4 -Declipse.product=org.eclipse.jdt.ls.core.product -Djava.import.generatesMetadataFilesAtProjectRoot=false -DDetectVMInstallationsJob.disabled=true -Dfile.encoding=utf8 -XX:+UseParallelGC -XX:GCTimeRatio=4 -XX:AdaptiveSizePolicyWeight=90 -Dsun.zip.disableMemoryMapping=true -Xmx1G -Xms100m -Xlog:disable -javaagent:c:\Users\LENOVO\.vscode\extensions\redhat.java-1.28.1-win32-x64\lombok\lombok-1.18.31.jar -XX:+HeapDumpOnOutOfMemoryError -XX:HeapDumpPath=c:\Users\LENOVO\AppData\Roaming\Code\User\workspaceStorage\b92d9df39273399ed5090b3bfb6670d1\redhat.java -Daether.dependencyCollector.impl=bf 
java_command: c:\Users\LENOVO\.vscode\extensions\redhat.java-1.28.1-win32-x64\server\plugins\org.eclipse.equinox.launcher_1.6.700.v20231214-2017.jar -configuration c:\Users\LENOVO\AppData\Roaming\Code\User\globalStorage\redhat.java\1.28.1\config_win -data c:\Users\LENOVO\AppData\Roaming\Code\User\workspaceStorage\b92d9df39273399ed5090b3bfb6670d1\redhat.java\jdt_ws --stdio
java_class_path (initial): c:\Users\LENOVO\.vscode\extensions\redhat.java-1.28.1-win32-x64\server\plugins\org.eclipse.equinox.launcher_1.6.700.v20231214-2017.jar
Launcher Type: SUN_STANDARD

[Global flags]
    uintx AdaptiveSizePolicyWeight                 = 90                                        {product} {command line}
     intx CICompilerCount                          = 4                                         {product} {ergonomic}
    uintx GCTimeRatio                              = 4                                         {product} {command line}
     bool HeapDumpOnOutOfMemoryError               = true                                   {manageable} {command line}
    ccstr HeapDumpPath                             = c:\Users\LENOVO\AppData\Roaming\Code\User\workspaceStorage\b92d9df39273399ed5090b3bfb6670d1\redhat.java         {manageable} {command line}
   size_t InitialHeapSize                          = 104857600                                 {product} {command line}
   size_t MaxHeapSize                              = 1073741824                                {product} {command line}
   size_t MaxNewSize                               = 357564416                                 {product} {ergonomic}
   size_t MinHeapDeltaBytes                        = 524288                                    {product} {ergonomic}
   size_t MinHeapSize                              = 104857600                                 {product} {command line}
   size_t NewSize                                  = 34603008                                  {product} {ergonomic}
    uintx NonNMethodCodeHeapSize                   = 5839372                                {pd product} {ergonomic}
    uintx NonProfiledCodeHeapSize                  = 122909434                              {pd product} {ergonomic}
   size_t OldSize                                  = 70254592                                  {product} {ergonomic}
    uintx ProfiledCodeHeapSize                     = 122909434                              {pd product} {ergonomic}
    uintx ReservedCodeCacheSize                    = 251658240                              {pd product} {ergonomic}
     bool SegmentedCodeCache                       = true                                      {product} {ergonomic}
   size_t SoftMaxHeapSize                          = 1073741824                             {manageable} {ergonomic}
     bool UseCompressedClassPointers               = true                           {product lp64_product} {ergonomic}
     bool UseCompressedOops                        = true                           {product lp64_product} {ergonomic}
     bool UseLargePagesIndividualAllocation        = false                                  {pd product} {ergonomic}
     bool UseParallelGC                            = true                                      {product} {command line}

Logging:
Log output configuration:
 #0: stdout all=off uptime,level,tags
 #1: stderr all=off uptime,level,tags

Environment Variables:
PATH=C:\Python312\Scripts\;C:\Python312\;C:\Program Files\Eclipse Adoptium\jdk-17.0.6.10-hotspot\bin;C:\Program Files (x86)\Common Files\Oracle\Java\javapath;C:\ProgramData\Oracle\Java\javapath;C:\Windows\system32;C:\Windows;C:\Windows\System32\Wbem;C:\Windows\System32\WindowsPowerShell\v1.0\;C:\Windows\System32\OpenSSH\;C:\Program Files (x86)\NVIDIA Corporation\PhysX\Common;C:\Program Files\NVIDIA Corporation\NVIDIA NvDLISR;C:\Program Files\Cloudflare\Cloudflare WARP\;C:\Program Files\Git\cmd;C:\msys64\mingw64\bin;C:\Program Files\nodejs\;C:\ProgramData\chocolatey\bin;C:\Users\LENOVO\anaconda3;C:\Users\LENOVO\anaconda3\Library\mingw-w64\bin;C:\Users\LENOVO\anaconda3\Library\usr\bin;C:\Users\LENOVO\anaconda3\Library\bin;C:\Users\LENOVO\anaconda3\Scripts;C:\Users\LENOVO\AppData\Local\Microsoft\WindowsApps;C:\MinGW\bin;C:\Users\LENOVO\AppData\Local\Programs\Microsoft VS Code\bin;C:\intelFPGA\18.0\modelsim_ase\win32aloem;C:\Users\LENOVO\AppData\Roaming\npm;C:\Users\LENOVO\Desktop\AMPL\AMPL;C:\Users\LENOVO\Desktop\AMPL\AMPL\solvers
USERNAME=LENOVO
OS=Windows_NT
PROCESSOR_IDENTIFIER=Intel64 Family 6 Model 165 Stepping 2, GenuineIntel
TMP=C:\Users\LENOVO\AppData\Local\Temp
TEMP=C:\Users\LENOVO\AppData\Local\Temp



Periodic native trim disabled


---------------  S Y S T E M  ---------------

OS:
 Windows 10 , 64 bit Build 19041 (10.0.19041.3636)
OS uptime: 4 days 2:30 hours

CPU: total 12 (initial active 12) (6 cores per cpu, 2 threads per core) family 6 model 165 stepping 2 microcode 0xea, cx8, cmov, fxsr, ht, mmx, 3dnowpref, sse, sse2, sse3, ssse3, sse4.1, sse4.2, popcnt, lzcnt, tsc, tscinvbit, avx, avx2, aes, erms, clmul, bmi1, bmi2, adx, fma, vzeroupper, clflush, clflushopt
Processor Information for all 12 processors :
  Max Mhz: 2592, Current Mhz: 2592, Mhz Limit: 2592

Memory: 4k page, system-wide physical 16251M (660M free)
TotalPageFile size 40334M (AvailPageFile size 8M)
current process WorkingSet (physical memory assigned to process): 202M, peak: 209M
current process commit charge ("private bytes"): 306M, peak: 311M

vm_info: OpenJDK 64-Bit Server VM (17.0.10+7) for windows-amd64 JRE (17.0.10+7), built on Jan 16 2024 23:25:11 by "admin" with MS VC++ 16.10 / 16.11 (VS2019)

END.
